{"common":{"ar":"310000","ba":"Xiaomi","ch":"huawei","md":"Xiaomi 9","mid":"mid_27","os":"Android 11.0","uid":"400","vc":"v2.1.134"},"start":{"entry":"icon","loading_time":17595,"open_ad_id":18,"open_ad_ms":2379,"open_ad_skip_ms":0},"ts":1612922763000}
{"common":{"ar":"310000","ba":"Huawei","ch":"oppo","md":"Huawei Mate 30","mid":"mid_22","os":"Android 9.0","uid":"43","vc":"v2.1.134"},"start":{"entry":"icon","loading_time":4881,"open_ad_id":12,"open_ad_ms":3819,"open_ad_skip_ms":1124},"ts":1612922763000}
{"common":{"ar":"230000","ba":"Xiaomi","ch":"xiaomi","md":"Xiaomi 10 Pro ","mid":"mid_19","os":"Android 11.0","uid":"204","vc":"v2.1.111"},"start":{"entry":"icon","loading_time":9360,"open_ad_id":19,"open_ad_ms":8167,"open_ad_skip_ms":0},"ts":1612922763000}
{"common":{"ar":"370000","ba":"Xiaomi","ch":"web","md":"Xiaomi Mix2 ","mid":"mid_48","os":"Android 11.0","uid":"310","vc":"v2.1.134"},"start":{"entry":"icon","loading_time":14522,"open_ad_id":11,"open_ad_ms":5729,"open_ad_skip_ms":4657},"ts":1612922763000}
{"common":{"ar":"440000","ba":"iPhone","ch":"Appstore","md":"iPhone Xs","mid":"mid_46","os":"iOS 13.3.1","uid":"112","vc":"v2.1.132"},"start":{"entry":"notice","loading_time":15774,"open_ad_id":10,"open_ad_ms":7995,"open_ad_skip_ms":0},"ts":1612922763000}
{"common":{"ar":"310000","ba":"iPhone","ch":"Appstore","md":"iPhone Xs","mid":"mid_7","os":"iOS 13.2.9","uid":"439","vc":"v2.1.134"},"start":{"entry":"icon","loading_time":5455,"open_ad_id":4,"open_ad_ms":5083,"open_ad_skip_ms":0},"ts":1612922763000}
{"common":{"ar":"110000","ba":"iPhone","ch":"Appstore","md":"iPhone X","mid":"mid_7","os":"iOS 13.3.1","uid":"463","vc":"v2.1.134"},"start":{"entry":"install","loading_time":10006,"open_ad_id":2,"open_ad_ms":5121,"open_ad_skip_ms":0},"ts":1612922763000}
{"common":{"ar":"310000","ba":"iPhone","ch":"Appstore","md":"iPhone 8","mid":"mid_25","os":"iOS 13.3.1","uid":"364","vc":"v2.1.134"},"start":{"entry":"icon","loading_time":7346,"open_ad_id":8,"open_ad_ms":7331,"open_ad_skip_ms":5517},"ts":1612922763000}
{"common":{"ar":"230000","ba":"Oneplus","ch":"xiaomi","md":"Oneplus 7","mid":"mid_43","os":"Android 11.0","uid":"222","vc":"v2.1.132"},"start":{"entry":"icon","loading_time":17498,"open_ad_id":12,"open_ad_ms":8546,"open_ad_skip_ms":8060},"ts":1612922763000}
{"common":{"ar":"110000","ba":"iPhone","ch":"Appstore","md":"iPhone 8","mid":"mid_14","os":"iOS 13.3.1","uid":"390","vc":"v2.1.134"},"start":{"entry":"icon","loading_time":9593,"open_ad_id":2,"open_ad_ms":7417,"open_ad_skip_ms":0},"ts":1612922763000}
{"common":{"ar":"110000","ba":"iPhone","ch":"Appstore","md":"iPhone X","mid":"mid_36","os":"iOS 12.4.1","uid":"36","vc":"v2.1.132"},"start":{"entry":"notice","loading_time":14034,"open_ad_id":16,"open_ad_ms":9273,"open_ad_skip_ms":7512},"ts":1612922763000}
{"common":{"ar":"310000","ba":"iPhone","ch":"Appstore","md":"iPhone Xs","mid":"mid_40","os":"iOS 13.3.1","uid":"209","vc":"v2.1.134"},"start":{"entry":"notice","loading_time":18920,"open_ad_id":14,"open_ad_ms":6498,"open_ad_skip_ms":0},"ts":1612922763000}
{"common":{"ar":"420000","ba":"Xiaomi","ch":"xiaomi","md":"Xiaomi 10 Pro ","mid":"mid_39","os":"Android 11.0","uid":"45","vc":"v2.1.134"},"err":{"error_code":2734,"msg":" Exception in thread \\  java.net.SocketTimeoutException\\n \\tat com.atgugu.gmall2020.mock.log.bean.AppError.main(AppError.java:xxxxxx)"},"start":{"entry":"icon","loading_time":18906,"open_ad_id":2,"open_ad_ms":2111,"open_ad_skip_ms":0},"ts":1612922763000}
{"common":{"ar":"440000","ba":"iPhone","ch":"Appstore","md":"iPhone 8","mid":"mid_47","os":"iOS 13.3.1","uid":"316","vc":"v2.1.134"},"start":{"entry":"icon","loading_time":14605,"open_ad_id":12,"open_ad_ms":1878,"open_ad_skip_ms":1188},"ts":1612922763000}
{"common":{"ar":"420000","ba":"Oneplus","ch":"wandoujia","md":"Oneplus 7","mid":"mid_21","os":"Android 11.0","uid":"379","vc":"v2.1.134"},"start":{"entry":"icon","loading_time":15270,"open_ad_id":14,"open_ad_ms":4130,"open_ad_skip_ms":0},"ts":1612922763000}
{"common":{"ar":"440000","ba":"iPhone","ch":"Appstore","md":"iPhone 8","mid":"mid_30","os":"iOS 13.2.3","uid":"248","vc":"v2.1.134"},"start":{"entry":"install","loading_time":6838,"open_ad_id":16,"open_ad_ms":1629,"open_ad_skip_ms":1150},"ts":1612922763000}
{"common":{"ar":"110000","ba":"iPhone","ch":"Appstore","md":"iPhone Xs","mid":"mid_43","os":"iOS 13.2.9","uid":"285","vc":"v2.1.134"},"start":{"entry":"icon","loading_time":18413,"open_ad_id":4,"open_ad_ms":6409,"open_ad_skip_ms":4019},"ts":1612922763000}
{"common":{"ar":"310000","ba":"Xiaomi","ch":"vivo","md":"Xiaomi Mix2 ","mid":"mid_13","os":"Android 11.0","uid":"374","vc":"v2.1.134"},"start":{"entry":"icon","loading_time":15863,"open_ad_id":11,"open_ad_ms":5083,"open_ad_skip_ms":4908},"ts":1612922763000}
{"common":{"ar":"310000","ba":"iPhone","ch":"Appstore","md":"iPhone X","mid":"mid_2","os":"iOS 13.3.1","uid":"248","vc":"v2.1.134"},"start":{"entry":"icon","loading_time":15809,"open_ad_id":7,"open_ad_ms":4153,"open_ad_skip_ms":2107},"ts":1612922763000}
{"common":{"ar":"370000","ba":"Xiaomi","ch":"360","md":"Xiaomi 10 Pro ","mid":"mid_34","os":"Android 11.0","uid":"341","vc":"v2.1.134"},"start":{"entry":"icon","loading_time":18715,"open_ad_id":13,"open_ad_ms":1920,"open_ad_skip_ms":1352},"ts":1612922763000}
{"common":{"ar":"110000","ba":"Oneplus","ch":"oppo","md":"Oneplus 7","mid":"mid_43","os":"Android 11.0","uid":"214","vc":"v2.0.1"},"start":{"entry":"notice","loading_time":12561,"open_ad_id":20,"open_ad_ms":3256,"open_ad_skip_ms":3202},"ts":1612922763000}
{"common":{"ar":"110000","ba":"Xiaomi","ch":"wandoujia","md":"Xiaomi 10 Pro ","mid":"mid_18","os":"Android 11.0","uid":"220","vc":"v2.1.134"},"start":{"entry":"icon","loading_time":19961,"open_ad_id":6,"open_ad_ms":5055,"open_ad_skip_ms":3086},"ts":1612922763000}
{"common":{"ar":"310000","ba":"Xiaomi","ch":"xiaomi","md":"Xiaomi 10 Pro ","mid":"mid_35","os":"Android 11.0","uid":"356","vc":"v2.1.132"},"start":{"entry":"notice","loading_time":8953,"open_ad_id":8,"open_ad_ms":7692,"open_ad_skip_ms":4143},"ts":1612922763000}
{"common":{"ar":"230000","ba":"iPhone","ch":"Appstore","md":"iPhone Xs","mid":"mid_40","os":"iOS 13.3.1","uid":"322","vc":"v2.0.1"},"start":{"entry":"icon","loading_time":11673,"open_ad_id":3,"open_ad_ms":5746,"open_ad_skip_ms":0},"ts":1612922763000}
{"common":{"ar":"440000","ba":"Xiaomi","ch":"xiaomi","md":"Xiaomi 10 Pro ","mid":"mid_40","os":"Android 8.1","uid":"341","vc":"v2.1.134"},"start":{"entry":"icon","loading_time":4237,"open_ad_id":18,"open_ad_ms":3800,"open_ad_skip_ms":0},"ts":1612922763000}
{"common":{"ar":"310000","ba":"iPhone","ch":"Appstore","md":"iPhone 8","mid":"mid_17","os":"iOS 13.3.1","uid":"395","vc":"v2.1.134"},"start":{"entry":"icon","loading_time":3646,"open_ad_id":1,"open_ad_ms":3385,"open_ad_skip_ms":0},"ts":1612922763000}
{"common":{"ar":"310000","ba":"Huawei","ch":"huawei","md":"Huawei Mate 30","mid":"mid_49","os":"Android 11.0","uid":"471","vc":"v2.1.132"},"start":{"entry":"icon","loading_time":8282,"open_ad_id":4,"open_ad_ms":1735,"open_ad_skip_ms":0},"ts":1612922763000}
{"common":{"ar":"110000","ba":"Honor","ch":"wandoujia","md":"Honor 20s","mid":"mid_45","os":"Android 11.0","uid":"298","vc":"v2.1.132"},"start":{"entry":"icon","loading_time":1549,"open_ad_id":18,"open_ad_ms":4138,"open_ad_skip_ms":0},"ts":1612922763000}
{"common":{"ar":"310000","ba":"iPhone","ch":"Appstore","md":"iPhone 8","mid":"mid_37","os":"iOS 13.2.3","uid":"70","vc":"v2.1.132"},"start":{"entry":"icon","loading_time":4412,"open_ad_id":11,"open_ad_ms":6978,"open_ad_skip_ms":0},"ts":1612922763000}
{"common":{"ar":"440000","ba":"Huawei","ch":"vivo","md":"Huawei P30","mid":"mid_21","os":"Android 11.0","uid":"453","vc":"v2.1.132"},"err":{"error_code":1981,"msg":" Exception in thread \\  java.net.SocketTimeoutException\\n \\tat com.atgugu.gmall2020.mock.log.bean.AppError.main(AppError.java:xxxxxx)"},"start":{"entry":"icon","loading_time":11717,"open_ad_id":16,"open_ad_ms":9040,"open_ad_skip_ms":0},"ts":1612922763000}
{"common":{"ar":"110000","ba":"iPhone","ch":"Appstore","md":"iPhone Xs Max","mid":"mid_49","os":"iOS 13.3.1","uid":"412","vc":"v2.1.134"},"err":{"error_code":1854,"msg":" Exception in thread \\  java.net.SocketTimeoutException\\n \\tat com.atgugu.gmall2020.mock.log.bean.AppError.main(AppError.java:xxxxxx)"},"start":{"entry":"icon","loading_time":6862,"open_ad_id":8,"open_ad_ms":3837,"open_ad_skip_ms":0},"ts":1612922763000}
{"common":{"ar":"110000","ba":"Xiaomi","ch":"xiaomi","md":"Xiaomi 9","mid":"mid_21","os":"Android 9.0","uid":"280","vc":"v2.1.134"},"start":{"entry":"notice","loading_time":3152,"open_ad_id":18,"open_ad_ms":6689,"open_ad_skip_ms":1765},"ts":1612922763000}
{"common":{"ar":"440000","ba":"iPhone","ch":"Appstore","md":"iPhone X","mid":"mid_11","os":"iOS 13.3.1","uid":"485","vc":"v2.0.1"},"start":{"entry":"icon","loading_time":19412,"open_ad_id":6,"open_ad_ms":1737,"open_ad_skip_ms":0},"ts":1612922763000}
{"common":{"ar":"230000","ba":"Sumsung","ch":"xiaomi","md":"Sumsung Galaxy S20","mid":"mid_28","os":"Android 9.0","uid":"398","vc":"v2.1.134"},"start":{"entry":"icon","loading_time":11884,"open_ad_id":16,"open_ad_ms":2486,"open_ad_skip_ms":0},"ts":1612922763000}
{"common":{"ar":"440000","ba":"Xiaomi","ch":"xiaomi","md":"Xiaomi 9","mid":"mid_35","os":"Android 11.0","uid":"76","vc":"v2.1.134"},"start":{"entry":"notice","loading_time":17169,"open_ad_id":1,"open_ad_ms":9840,"open_ad_skip_ms":2346},"ts":1612922763000}
